<?xml version="1.0" encoding="UTF-8"?>
<testng-results ignored="0" total="1" passed="1" failed="0" skipped="0">
  <reporter-output>
  </reporter-output>
  <suite started-at="2023-06-28T00:17:15 PDT" name="Default suite" finished-at="2023-06-28T00:17:23 PDT" duration-ms="7581">
    <groups>
    </groups>
    <test started-at="2023-06-28T00:17:15 PDT" name="Default test" finished-at="2023-06-28T00:17:23 PDT" duration-ms="7581">
      <class name="com.easy.testcases.VerifyCertainElements">
        <test-method is-config="true" signature="setUp()[pri:0, instance:com.easy.testcases.VerifyCertainElements@506ae4d4]" started-at="2023-06-28T00:17:15 PDT" name="setUp" finished-at="2023-06-28T00:17:22 PDT" duration-ms="6724" status="PASS">
          <reporter-output>
          </reporter-output>
        </test-method> <!-- setUp -->
        <test-method signature="verifyCertainElementsInAPage()[pri:0, instance:com.easy.testcases.VerifyCertainElements@506ae4d4]" started-at="2023-06-28T00:17:22 PDT" name="verifyCertainElementsInAPage" finished-at="2023-06-28T00:17:23 PDT" duration-ms="692" status="PASS">
          <reporter-output>
          </reporter-output>
        </test-method> <!-- verifyCertainElementsInAPage -->
        <test-method is-config="true" signature="tearDown()[pri:0, instance:com.easy.testcases.VerifyCertainElements@506ae4d4]" started-at="2023-06-28T00:17:23 PDT" name="tearDown" finished-at="2023-06-28T00:17:23 PDT" duration-ms="138" status="PASS">
          <reporter-output>
          </reporter-output>
        </test-method> <!-- tearDown -->
      </class> <!-- com.easy.testcases.VerifyCertainElements -->
    </test> <!-- Default test -->
  </suite> <!-- Default suite -->
</testng-results>
